<?xml version="1.0" encoding="UTF-8"?>
<!-- Generated by org.testng.reporters.JUnitXMLReporter -->
<testsuite ignored="0" hostname="DESKTOP-9UC7ON0" failures="1" tests="1" name="Test" time="4.764" errors="0" timestamp="2022-03-20T08:29:08 IST">
  <testcase classname="Rainbowtests.LoginTest" name="User_Cant_login_with_Invalid_pass" time="4.025">
    <failure type="org.openqa.selenium.ElementNotInteractableException" message="Element &amp;lt;input id=&amp;quot;authPwd&amp;quot; class=&amp;quot;nodisplay&amp;quot; type=&amp;quot;password&amp;quot;&amp;gt; could not be scrolled into view
Build info: version: &amp;apos;4.1.2&amp;apos;, revision: &amp;apos;9a5a329c5a&amp;apos;
System info: host: &amp;apos;DESKTOP-9UC7ON0&amp;apos;, ip: &amp;apos;172.20.250.31&amp;apos;, os.name: &amp;apos;Windows 10&amp;apos;, os.arch: &amp;apos;amd64&amp;apos;, os.version: &amp;apos;10.0&amp;apos;, java.version: &amp;apos;14.0.1&amp;apos;
Driver info: org.openqa.selenium.firefox.FirefoxDriver
Command: [31e85228-58bd-4b8a-9294-613ee4dee96b, clearElement {id=69d0af9d-feb0-44dd-9106-63af44acbf7b}]
Capabilities {acceptInsecureCerts: true, browserName: firefox, browserVersion: 97.0.2, javascriptEnabled: true, moz:accessibilityChecks: false, moz:buildID: 20220304162637, moz:debuggerAddress: localhost:51146, moz:geckodriverVersion: 0.30.0, moz:headless: false, moz:processID: 14820, moz:profile: C:\Users\yes\AppData\Local\..., moz:shutdownTimeout: 60000, moz:useNonSpecCompliantPointerOrigin: false, moz:webdriverClick: true, pageLoadStrategy: normal, platform: WINDOWS, platformName: WINDOWS, platformVersion: 10.0, proxy: Proxy(), se:cdp: ws://localhost:51146/devtoo..., se:cdpVersion: 85.0, setWindowRect: true, strictFileInteractability: false, timeouts: {implicit: 0, pageLoad: 300000, script: 30000}, unhandledPromptBehavior: dismiss and notify}
Element: [[FirefoxDriver: firefox on WINDOWS (31e85228-58bd-4b8a-9294-613ee4dee96b)] -&amp;gt; xpath: //*[@id=&amp;quot;authPwd&amp;quot;]]
Session ID: 31e85228-58bd-4b8a-9294-613ee4dee96b">
      <![CDATA[org.openqa.selenium.ElementNotInteractableException: Element <input id="authPwd" class="nodisplay" type="password"> could not be scrolled into view
Build info: version: '4.1.2', revision: '9a5a329c5a'
System info: host: 'DESKTOP-9UC7ON0', ip: '172.20.250.31', os.name: 'Windows 10', os.arch: 'amd64', os.version: '10.0', java.version: '14.0.1'
Driver info: org.openqa.selenium.firefox.FirefoxDriver
Command: [31e85228-58bd-4b8a-9294-613ee4dee96b, clearElement {id=69d0af9d-feb0-44dd-9106-63af44acbf7b}]
Capabilities {acceptInsecureCerts: true, browserName: firefox, browserVersion: 97.0.2, javascriptEnabled: true, moz:accessibilityChecks: false, moz:buildID: 20220304162637, moz:debuggerAddress: localhost:51146, moz:geckodriverVersion: 0.30.0, moz:headless: false, moz:processID: 14820, moz:profile: C:\Users\yes\AppData\Local\..., moz:shutdownTimeout: 60000, moz:useNonSpecCompliantPointerOrigin: false, moz:webdriverClick: true, pageLoadStrategy: normal, platform: WINDOWS, platformName: WINDOWS, platformVersion: 10.0, proxy: Proxy(), se:cdp: ws://localhost:51146/devtoo..., se:cdpVersion: 85.0, setWindowRect: true, strictFileInteractability: false, timeouts: {implicit: 0, pageLoad: 300000, script: 30000}, unhandledPromptBehavior: dismiss and notify}
Element: [[FirefoxDriver: firefox on WINDOWS (31e85228-58bd-4b8a-9294-613ee4dee96b)] -> xpath: //*[@id="authPwd"]]
Session ID: 31e85228-58bd-4b8a-9294-613ee4dee96b
at org.openqa.selenium.remote.codec.w3c.W3CHttpResponseCodec.createException(W3CHttpResponseCodec.java:200)
at org.openqa.selenium.remote.codec.w3c.W3CHttpResponseCodec.decode(W3CHttpResponseCodec.java:133)
at org.openqa.selenium.remote.codec.w3c.W3CHttpResponseCodec.decode(W3CHttpResponseCodec.java:53)
at org.openqa.selenium.remote.HttpCommandExecutor.execute(HttpCommandExecutor.java:184)
at org.openqa.selenium.remote.service.DriverCommandExecutor.invokeExecute(DriverCommandExecutor.java:167)
at org.openqa.selenium.remote.service.DriverCommandExecutor.execute(DriverCommandExecutor.java:142)
at org.openqa.selenium.remote.RemoteWebDriver.execute(RemoteWebDriver.java:558)
at org.openqa.selenium.remote.RemoteWebElement.execute(RemoteWebElement.java:251)
at org.openqa.selenium.remote.RemoteWebElement.clear(RemoteWebElement.java:126)
at pages.BasePage.setFieldtext(BasePage.java:26)
at pages.LoginPage.login(LoginPage.java:15)
at Rainbowtests.LoginTest.User_Cant_login_with_Invalid_pass(LoginTest.java:41)
at java.base/java.util.ArrayList.forEach(ArrayList.java:1510)
... Removed 32 stack frames]]>
    </failure>
  </testcase> <!-- User_Cant_login_with_Invalid_pass -->
</testsuite> <!-- Test -->
